<?xml version="1.0" ?>
<coverage version="7.4.3" timestamp="1708859971791" lines-valid="16" lines-covered="16" line-rate="1" branches-covered="0" branches-valid="0" branch-rate="0" complexity="0">
	<!-- Generated by coverage.py: https://coverage.readthedocs.io/en/7.4.3 -->
	<!-- Based on https://raw.githubusercontent.com/cobertura/web/master/htdocs/xml/coverage-04.dtd -->
	<sources>
		<source>/workspaces/code_challenges/code_challenges</source>
	</sources>
	<packages>
		<package name="aoc.y2k22.day_1" line-rate="1" branch-rate="0" complexity="0">
			<classes>
				<class name="calorie_counter.py" filename="aoc/y2k22/day_1/calorie_counter.py" complexity="0" line-rate="1" branch-rate="0">
					<methods/>
					<lines>
						<line number="8" hits="1"/>
						<line number="9" hits="1"/>
						<line number="10" hits="1"/>
						<line number="13" hits="1"/>
						<line number="14" hits="1"/>
						<line number="15" hits="1"/>
						<line number="17" hits="1"/>
						<line number="18" hits="1"/>
						<line number="19" hits="1"/>
						<line number="21" hits="1"/>
						<line number="22" hits="1"/>
						<line number="24" hits="1"/>
						<line number="30" hits="1"/>
						<line number="31" hits="1"/>
						<line number="33" hits="1"/>
						<line number="34" hits="1"/>
					</lines>
				</class>
			</classes>
		</package>
	</packages>
</coverage>
